d:\repo\reengine\newreenginerepo\reengine2public\reengine2\x64\release\angle.obj
d:\repo\reengine\newreenginerepo\reengine2public\reengine2\x64\release\editorwindow.obj
d:\repo\reengine\newreenginerepo\reengine2public\reengine2\x64\release\skeletalmesheditorwindow.obj
d:\repo\reengine\newreenginerepo\reengine2public\reengine2\x64\release\entityworld.obj
d:\repo\reengine\newreenginerepo\reengine2public\reengine2\x64\release\gamemode.obj
d:\repo\reengine\newreenginerepo\reengine2public\reengine2\x64\release\rttitypebase.obj
d:\repo\reengine\newreenginerepo\reengine2public\reengine2\x64\release\imgui_widgets.obj
d:\repo\reengine\newreenginerepo\reengine2public\reengine2\x64\release\animations.obj
d:\repo\reengine\newreenginerepo\reengine2public\reengine2\x64\release\imguimanager.obj
d:\repo\reengine\newreenginerepo\reengine2public\reengine2\x64\release\leveleditorwindow.obj
d:\repo\reengine\newreenginerepo\reengine2public\reengine2\x64\release\entitylevel.obj
d:\repo\reengine\newreenginerepo\reengine2public\reengine2\x64\release\textureasset.obj
d:\repo\reengine\newreenginerepo\reengine2public\reengine2\x64\release\rttiproperty.obj
d:\repo\reengine\newreenginerepo\reengine2public\reengine2\x64\release\imgui-sfml.obj
d:\repo\reengine\newreenginerepo\reengine2public\reengine2\x64\release\asset.obj
d:\repo\reengine\newreenginerepo\reengine2public\reengine2\x64\release\hierarchyinspector.obj
d:\repo\reengine\newreenginerepo\reengine2public\reengine2\x64\release\compoundentity.obj
d:\repo\reengine\newreenginerepo\reengine2public\reengine2\x64\release\spriteatlasasset.obj
d:\repo\reengine\newreenginerepo\reengine2public\reengine2\x64\release\rttienum.obj
d:\repo\reengine\newreenginerepo\reengine2public\reengine2\x64\release\rttiutilitydrawers.obj
d:\repo\reengine\newreenginerepo\reengine2public\reengine2\x64\release\editor.obj
d:\repo\reengine\newreenginerepo\reengine2public\reengine2\x64\release\imguidemowindow.obj
d:\repo\reengine\newreenginerepo\reengine2public\reengine2\x64\release\entity.obj
d:\repo\reengine\newreenginerepo\reengine2public\reengine2\x64\release\spriteasset.obj
d:\repo\reengine\newreenginerepo\reengine2public\reengine2\x64\release\rtticlasstype.obj
d:\repo\reengine\newreenginerepo\reengine2public\reengine2\x64\release\rttitypedrawer.obj
d:\repo\reengine\newreenginerepo\reengine2public\reengine2\x64\release\assetmanager.obj
d:\repo\reengine\newreenginerepo\reengine2public\reengine2\x64\release\contentbrowserwindow.obj
d:\repo\reengine\newreenginerepo\reengine2public\reengine2\x64\release\engine.obj
d:\repo\reengine\newreenginerepo\reengine2public\reengine2\x64\release\rectangleentity.obj
d:\repo\reengine\newreenginerepo\reengine2public\reengine2\x64\release\rttiarray.obj
d:\repo\reengine\newreenginerepo\reengine2public\reengine2\x64\release\rttitexture.obj
d:\repo\reengine\newreenginerepo\reengine2public\reengine2\x64\release\imgui_demo.obj
d:\repo\reengine\newreenginerepo\reengine2public\reengine2\x64\release\imgui_draw.obj
d:\repo\reengine\newreenginerepo\reengine2public\reengine2\x64\release\main.obj
d:\repo\reengine\newreenginerepo\reengine2public\reengine2\x64\release\guid.obj
d:\repo\reengine\newreenginerepo\reengine2public\reengine2\x64\release\assetinspectorwindow.obj
d:\repo\reengine\newreenginerepo\reengine2public\reengine2\x64\release\texturemanagerwindow.obj
d:\repo\reengine\newreenginerepo\reengine2public\reengine2\x64\release\transformableentity.obj
d:\repo\reengine\newreenginerepo\reengine2public\reengine2\x64\release\basictypesdefinitions.obj
d:\repo\reengine\newreenginerepo\reengine2public\reengine2\x64\release\rttiserialization.obj
d:\repo\reengine\newreenginerepo\reengine2public\reengine2\x64\release\imgui.obj
d:\repo\reengine\newreenginerepo\reengine2public\reengine2\x64\release\imgui_tables.obj
d:\repo\reengine\newreenginerepo\reengine2public\reengine2\x64\release\vc143.pdb
d:\repo\reengine\newreenginerepo\reengine2public\x64\release\reengine2.exe
d:\repo\reengine\newreenginerepo\reengine2public\reengine2\x64\release\reengine2.ipdb
d:\repo\reengine\newreenginerepo\reengine2public\x64\release\reengine2.pdb
d:\repo\reengine\newreenginerepo\reengine2public\reengine2\x64\release\reengine2.iobj
d:\repo\reengine\newreenginerepo\reengine2public\reengine2\x64\release\reengine2.tlog\cl.13468.write.1.tlog
d:\repo\reengine\newreenginerepo\reengine2public\reengine2\x64\release\reengine2.tlog\cl.command.1.tlog
d:\repo\reengine\newreenginerepo\reengine2public\reengine2\x64\release\reengine2.tlog\cl.read.1.tlog
d:\repo\reengine\newreenginerepo\reengine2public\reengine2\x64\release\reengine2.tlog\link.command.1.tlog
d:\repo\reengine\newreenginerepo\reengine2public\reengine2\x64\release\reengine2.tlog\link.read.1.tlog
d:\repo\reengine\newreenginerepo\reengine2public\reengine2\x64\release\reengine2.tlog\link.write.1.tlog
